<?xml version="1.0" encoding="UTF-8"?>
<!-- Generated by org.testng.reporters.JUnitXMLReporter -->
<testsuite ignored="0" hostname="CODITAS-RJADHAV1" failures="0" tests="6" name="Test" time="129.494" errors="0" timestamp="2021-08-18T11:43:04 IST">
  <testcase classname="com.gutenberg.qa.testcases.ProjectDetailsTest" name="@BeforeTest setup" time="72.338">
    <failure type="org.openqa.selenium.NoSuchElementException" message="no such element: Unable to locate element: {&amp;quot;method&amp;quot;:&amp;quot;css selector&amp;quot;,&amp;quot;selector&amp;quot;:&amp;quot;#userNameInput&amp;quot;}
  (Session info: chrome=92.0.4515.159)
For documentation on this error, please visit: https://www.seleniumhq.org/exceptions/no_such_element.html
Build info: version: &amp;apos;3.141.59&amp;apos;, revision: &amp;apos;e82be7d358&amp;apos;, time: &amp;apos;2018-11-14T08:17:03&amp;apos;
System info: host: &amp;apos;CODITAS-RJADHAV&amp;apos;, ip: &amp;apos;10.64.98.253&amp;apos;, os.name: &amp;apos;Windows 10&amp;apos;, os.arch: &amp;apos;amd64&amp;apos;, os.version: &amp;apos;10.0&amp;apos;, java.version: &amp;apos;16.0.1&amp;apos;
Driver info: org.openqa.selenium.chrome.ChromeDriver
Capabilities {acceptInsecureCerts: false, browserName: chrome, browserVersion: 92.0.4515.159, chrome: {chromedriverVersion: 92.0.4515.107 (87a818b10553..., userDataDir: C:\Users\rjadhav1\AppData\L...}, goog:chromeOptions: {debuggerAddress: localhost:50127}, javascriptEnabled: true, networkConnectionEnabled: false, pageLoadStrategy: normal, platform: WINDOWS, platformName: WINDOWS, proxy: Proxy(), setWindowRect: true, strictFileInteractability: false, timeouts: {implicit: 0, pageLoad: 300000, script: 30000}, unhandledPromptBehavior: dismiss and notify, webauthn:extension:credBlob: true, webauthn:extension:largeBlob: true, webauthn:virtualAuthenticators: true}
Session ID: 94c036460a9a9d56bb179a42b9abb43f
*** Element info: {Using=id, value=userNameInput}">
      <![CDATA[org.openqa.selenium.NoSuchElementException: no such element: Unable to locate element: {"method":"css selector","selector":"#userNameInput"}
  (Session info: chrome=92.0.4515.159)
For documentation on this error, please visit: https://www.seleniumhq.org/exceptions/no_such_element.html
Build info: version: '3.141.59', revision: 'e82be7d358', time: '2018-11-14T08:17:03'
System info: host: 'CODITAS-RJADHAV', ip: '10.64.98.253', os.name: 'Windows 10', os.arch: 'amd64', os.version: '10.0', java.version: '16.0.1'
Driver info: org.openqa.selenium.chrome.ChromeDriver
Capabilities {acceptInsecureCerts: false, browserName: chrome, browserVersion: 92.0.4515.159, chrome: {chromedriverVersion: 92.0.4515.107 (87a818b10553..., userDataDir: C:\Users\rjadhav1\AppData\L...}, goog:chromeOptions: {debuggerAddress: localhost:50127}, javascriptEnabled: true, networkConnectionEnabled: false, pageLoadStrategy: normal, platform: WINDOWS, platformName: WINDOWS, proxy: Proxy(), setWindowRect: true, strictFileInteractability: false, timeouts: {implicit: 0, pageLoad: 300000, script: 30000}, unhandledPromptBehavior: dismiss and notify, webauthn:extension:credBlob: true, webauthn:extension:largeBlob: true, webauthn:virtualAuthenticators: true}
Session ID: 94c036460a9a9d56bb179a42b9abb43f
*** Element info: {Using=id, value=userNameInput}
at org.openqa.selenium.remote.http.W3CHttpResponseCodec.createException(W3CHttpResponseCodec.java:187)
at org.openqa.selenium.remote.http.W3CHttpResponseCodec.decode(W3CHttpResponseCodec.java:122)
at org.openqa.selenium.remote.http.W3CHttpResponseCodec.decode(W3CHttpResponseCodec.java:49)
at org.openqa.selenium.remote.HttpCommandExecutor.execute(HttpCommandExecutor.java:158)
at org.openqa.selenium.remote.service.DriverCommandExecutor.execute(DriverCommandExecutor.java:83)
at org.openqa.selenium.remote.RemoteWebDriver.execute(RemoteWebDriver.java:552)
at org.openqa.selenium.remote.RemoteWebDriver.findElement(RemoteWebDriver.java:323)
at org.openqa.selenium.remote.RemoteWebDriver.findElementById(RemoteWebDriver.java:372)
at org.openqa.selenium.By$ById.findElement(By.java:188)
at org.openqa.selenium.remote.RemoteWebDriver.findElement(RemoteWebDriver.java:315)
at com.gutenberg.qa.pages.HomePage.addUsername(HomePage.java:25)
at com.gutenberg.qa.testcases.ProjectDetailsTest.setup(ProjectDetailsTest.java:34)
... Removed 29 stack frames]]>
    </failure>
  </testcase> <!-- @BeforeTest setup -->
  <testcase classname="com.gutenberg.qa.testcases.HomePageTest" name="verifyAddCategoryButtonIsClickable" time="0.0">
    <skipped/>
  </testcase> <!-- verifyAddCategoryButtonIsClickable -->
  <testcase classname="com.gutenberg.qa.testcases.HomePageTest" name="verifyCategoryGetAdded" time="0.0">
    <skipped/>
  </testcase> <!-- verifyCategoryGetAdded -->
  <testcase classname="com.gutenberg.qa.testcases.ProjectDetailsTest" name="verifyCreateProjectButtonIsClickable" time="0.0">
    <skipped/>
  </testcase> <!-- verifyCreateProjectButtonIsClickable -->
  <testcase classname="com.gutenberg.qa.testcases.ProjectDetailsTest" name="verifySiteGetAddSuccessfully" time="0.0">
    <skipped/>
  </testcase> <!-- verifySiteGetAddSuccessfully -->
  <testcase classname="com.gutenberg.qa.testcases.ProjectDetailsTest" name="verifyCancelButtonIsClickable" time="0.0">
    <skipped/>
  </testcase> <!-- verifyCancelButtonIsClickable -->
  <testcase classname="gutenberg.automation.AppTest" name="testApp" time="0.0">
    <skipped/>
  </testcase> <!-- testApp -->
</testsuite> <!-- Test -->
